nohup: 忽略输入
18/02/01 18:02:21 INFO fs.TrashPolicyDefault: Moved: 'hdfs://a01.namenode.hadoop.tvapk:9000/user/tvapk/cuiliqing/relatedRecCache' to trash at: hdfs://a01.namenode.hadoop.tvapk:9000/user/tvapk/.Trash/Current/user/tvapk/cuiliqing/relatedRecCache
18/02/01 18:02:28 INFO fs.TrashPolicyDefault: Moved: 'hdfs://a01.namenode.hadoop.tvapk:9000/user/tvapk/cuiliqing/relatedRecIn' to trash at: hdfs://a01.namenode.hadoop.tvapk:9000/user/tvapk/.Trash/Current/user/tvapk/cuiliqing/relatedRecIn
rm: `/user/tvapk/cuiliqing/relatedRecIn/movieItemFeatures': No such file or directory
rm: `/user/tvapk/cuiliqing/reltOut': No such file or directory
18/02/01 18:02:40 INFO client.RMProxy: Connecting to ResourceManager at a01.namenode.hadoop.tvapk/192.168.1.32:8032
18/02/01 18:02:41 INFO input.FileInputFormat: Total input paths to process : 1
18/02/01 18:02:41 INFO mapreduce.JobSubmitter: number of splits:1
18/02/01 18:02:41 INFO Configuration.deprecation: mapred.reduce.parallel.copies is deprecated. Instead, use mapreduce.reduce.shuffle.parallelcopies
18/02/01 18:02:41 INFO mapreduce.JobSubmitter: Submitting tokens for job: job_1493284465466_837534
18/02/01 18:02:41 INFO impl.YarnClientImpl: Submitted application application_1493284465466_837534
18/02/01 18:02:41 INFO mapreduce.Job: The url to track the job: http://a01.namenode.hadoop.tvapk:8088/proxy/application_1493284465466_837534/
18/02/01 18:02:41 INFO mapreduce.Job: Running job: job_1493284465466_837534
18/02/01 18:02:46 INFO mapreduce.Job: Job job_1493284465466_837534 running in uber mode : false
18/02/01 18:02:46 INFO mapreduce.Job:  map 0% reduce 0%
18/02/01 18:02:59 INFO mapreduce.Job:  map 1% reduce 0%
18/02/01 18:03:09 INFO mapreduce.Job:  map 2% reduce 0%
18/02/01 18:03:18 INFO mapreduce.Job:  map 3% reduce 0%
18/02/01 18:03:30 INFO mapreduce.Job:  map 4% reduce 0%
18/02/01 18:03:40 INFO mapreduce.Job:  map 5% reduce 0%
18/02/01 18:03:49 INFO mapreduce.Job:  map 6% reduce 0%
18/02/01 18:04:01 INFO mapreduce.Job:  map 7% reduce 0%
18/02/01 18:04:10 INFO mapreduce.Job:  map 8% reduce 0%
18/02/01 18:04:19 INFO mapreduce.Job:  map 9% reduce 0%
18/02/01 18:04:31 INFO mapreduce.Job:  map 10% reduce 0%
18/02/01 18:04:40 INFO mapreduce.Job:  map 11% reduce 0%
18/02/01 18:04:49 INFO mapreduce.Job:  map 12% reduce 0%
18/02/01 18:04:58 INFO mapreduce.Job:  map 13% reduce 0%
18/02/01 18:05:10 INFO mapreduce.Job:  map 14% reduce 0%
18/02/01 18:05:19 INFO mapreduce.Job:  map 15% reduce 0%
18/02/01 18:05:28 INFO mapreduce.Job:  map 16% reduce 0%
18/02/01 18:05:40 INFO mapreduce.Job:  map 17% reduce 0%
18/02/01 18:05:49 INFO mapreduce.Job:  map 18% reduce 0%
18/02/01 18:05:58 INFO mapreduce.Job:  map 19% reduce 0%
18/02/01 18:06:11 INFO mapreduce.Job:  map 20% reduce 0%
18/02/01 18:06:20 INFO mapreduce.Job:  map 21% reduce 0%
18/02/01 18:06:29 INFO mapreduce.Job:  map 22% reduce 0%
18/02/01 18:06:41 INFO mapreduce.Job:  map 23% reduce 0%
18/02/01 18:06:50 INFO mapreduce.Job:  map 24% reduce 0%
18/02/01 18:07:02 INFO mapreduce.Job:  map 25% reduce 0%
18/02/01 18:07:11 INFO mapreduce.Job:  map 26% reduce 0%
18/02/01 18:07:20 INFO mapreduce.Job:  map 27% reduce 0%
18/02/01 18:07:29 INFO mapreduce.Job:  map 28% reduce 0%
18/02/01 18:07:41 INFO mapreduce.Job:  map 29% reduce 0%
18/02/01 18:07:50 INFO mapreduce.Job:  map 30% reduce 0%
18/02/01 18:08:02 INFO mapreduce.Job:  map 31% reduce 0%
18/02/01 18:08:11 INFO mapreduce.Job:  map 32% reduce 0%
18/02/01 18:08:20 INFO mapreduce.Job:  map 33% reduce 0%
18/02/01 18:08:32 INFO mapreduce.Job:  map 34% reduce 0%
18/02/01 18:08:41 INFO mapreduce.Job:  map 35% reduce 0%
18/02/01 18:08:50 INFO mapreduce.Job:  map 36% reduce 0%
18/02/01 18:09:02 INFO mapreduce.Job:  map 37% reduce 0%
18/02/01 18:09:11 INFO mapreduce.Job:  map 38% reduce 0%
18/02/01 18:09:20 INFO mapreduce.Job:  map 39% reduce 0%
18/02/01 18:09:32 INFO mapreduce.Job:  map 40% reduce 0%
18/02/01 18:09:41 INFO mapreduce.Job:  map 41% reduce 0%
18/02/01 18:09:51 INFO mapreduce.Job:  map 42% reduce 0%
18/02/01 18:10:03 INFO mapreduce.Job:  map 43% reduce 0%
18/02/01 18:10:12 INFO mapreduce.Job:  map 44% reduce 0%
18/02/01 18:10:21 INFO mapreduce.Job:  map 45% reduce 0%
18/02/01 18:10:33 INFO mapreduce.Job:  map 46% reduce 0%
18/02/01 18:10:42 INFO mapreduce.Job:  map 47% reduce 0%
18/02/01 18:10:51 INFO mapreduce.Job:  map 48% reduce 0%
18/02/01 18:11:03 INFO mapreduce.Job:  map 49% reduce 0%
18/02/01 18:11:13 INFO mapreduce.Job:  map 50% reduce 0%
18/02/01 18:11:22 INFO mapreduce.Job:  map 51% reduce 0%
18/02/01 18:11:34 INFO mapreduce.Job:  map 52% reduce 0%
18/02/01 18:11:43 INFO mapreduce.Job:  map 53% reduce 0%
18/02/01 18:11:52 INFO mapreduce.Job:  map 54% reduce 0%
18/02/01 18:12:04 INFO mapreduce.Job:  map 55% reduce 0%
18/02/01 18:12:13 INFO mapreduce.Job:  map 56% reduce 0%
18/02/01 18:12:22 INFO mapreduce.Job:  map 57% reduce 0%
18/02/01 18:12:34 INFO mapreduce.Job:  map 58% reduce 0%
18/02/01 18:12:43 INFO mapreduce.Job:  map 59% reduce 0%
18/02/01 18:12:52 INFO mapreduce.Job:  map 60% reduce 0%
18/02/01 18:13:01 INFO mapreduce.Job:  map 61% reduce 0%
18/02/01 18:13:13 INFO mapreduce.Job:  map 62% reduce 0%
18/02/01 18:13:22 INFO mapreduce.Job:  map 63% reduce 0%
18/02/01 18:13:31 INFO mapreduce.Job:  map 64% reduce 0%
18/02/01 18:13:44 INFO mapreduce.Job:  map 65% reduce 0%
18/02/01 18:13:53 INFO mapreduce.Job:  map 66% reduce 0%
18/02/01 18:14:02 INFO mapreduce.Job:  map 67% reduce 0%
18/02/01 18:14:03 INFO mapreduce.Job:  map 100% reduce 0%
18/02/01 18:14:09 INFO mapreduce.Job:  map 100% reduce 100%
18/02/01 18:14:09 INFO mapreduce.Job: Job job_1493284465466_837534 completed successfully
18/02/01 18:14:09 INFO mapreduce.Job: Counters: 49
	File System Counters
		FILE: Number of bytes read=9384817
		FILE: Number of bytes written=19001391
		FILE: Number of read operations=0
		FILE: Number of large read operations=0
		FILE: Number of write operations=0
		HDFS: Number of bytes read=1126496
		HDFS: Number of bytes written=9343531
		HDFS: Number of read operations=6
		HDFS: Number of large read operations=0
		HDFS: Number of write operations=2
	Job Counters 
		Launched map tasks=1
		Launched reduce tasks=1
		Rack-local map tasks=1
		Total time spent by all maps in occupied slots (ms)=674290
		Total time spent by all reduces in occupied slots (ms)=2800
		Total time spent by all map tasks (ms)=674290
		Total time spent by all reduce tasks (ms)=2800
		Total vcore-seconds taken by all map tasks=674290
		Total vcore-seconds taken by all reduce tasks=2800
		Total megabyte-seconds taken by all map tasks=690472960
		Total megabyte-seconds taken by all reduce tasks=2867200
	Map-Reduce Framework
		Map input records=6880
		Map output records=6880
		Map output bytes=9357291
		Map output materialized bytes=9384817
		Input split bytes=335
		Combine input records=0
		Combine output records=0
		Reduce input groups=6880
		Reduce shuffle bytes=9384817
		Reduce input records=6880
		Reduce output records=6880
		Spilled Records=13760
		Shuffled Maps =1
		Failed Shuffles=0
		Merged Map outputs=1
		GC time elapsed (ms)=7687
		CPU time spent (ms)=702430
		Physical memory (bytes) snapshot=746754048
		Virtual memory (bytes) snapshot=5635235840
		Total committed heap usage (bytes)=713031680
	Shuffle Errors
		BAD_ID=0
		CONNECTION=0
		IO_ERROR=0
		WRONG_LENGTH=0
		WRONG_MAP=0
		WRONG_REDUCE=0
	File Input Format Counters 
		Bytes Read=0
	File Output Format Counters 
		Bytes Written=9343531
rm: `/user/tvapk/cuiliqing/relatedMvRec': No such file or directory
18/02/01 18:14:15 INFO fs.TrashPolicyDefault: Moved: 'hdfs://a01.namenode.hadoop.tvapk:9000/user/tvapk/cuiliqing/reltOut' to trash at: hdfs://a01.namenode.hadoop.tvapk:9000/user/tvapk/.Trash/Current/user/tvapk/cuiliqing/reltOut
rm: 无法删除"/data/tvapk/cuiliqing/cuiliqing/relatedMvRec": 没有那个文件或目录
18/02/01 18:14:19 INFO fs.TrashPolicyDefault: Moved: 'hdfs://a01.namenode.hadoop.tvapk:9000/user/tvapk/cuiliqing/relatedMvRec' to trash at: hdfs://a01.namenode.hadoop.tvapk:9000/user/tvapk/.Trash/Current/user/tvapk/cuiliqing/relatedMvRec
18/02/01 18:14:21 INFO fs.TrashPolicyDefault: Moved: 'hdfs://a01.namenode.hadoop.tvapk:9000/user/tvapk/cuiliqing/relatedRecIn/movieItemFeatures' to trash at: hdfs://a01.namenode.hadoop.tvapk:9000/user/tvapk/.Trash/Current/user/tvapk/cuiliqing/relatedRecIn/movieItemFeatures
