nohup: 忽略输入
rm: `/user/tvapk/cuiliqing/relatedOut': No such file or directory
17/12/27 19:31:58 INFO fs.TrashPolicyDefault: Moved: 'hdfs://a01.namenode.hadoop.tvapk:9000/user/tvapk/cuiliqing/relatedRecMovie' to trash at: hdfs://a01.namenode.hadoop.tvapk:9000/user/tvapk/.Trash/Current/user/tvapk/cuiliqing/relatedRecMovie
17/12/27 19:32:02 INFO client.RMProxy: Connecting to ResourceManager at a01.namenode.hadoop.tvapk/192.168.1.32:8032
17/12/27 19:32:03 WARN mapreduce.JobResourceUploader: Hadoop command-line option parsing not performed. Implement the Tool interface and execute your application with ToolRunner to remedy this.
17/12/27 19:32:03 INFO input.FileInputFormat: Total input paths to process : 1
17/12/27 19:32:03 INFO mapreduce.JobSubmitter: number of splits:1
17/12/27 19:32:03 INFO Configuration.deprecation: mapred.reduce.parallel.copies is deprecated. Instead, use mapreduce.reduce.shuffle.parallelcopies
17/12/27 19:32:03 INFO mapreduce.JobSubmitter: Submitting tokens for job: job_1493284465466_724021
17/12/27 19:32:03 INFO impl.YarnClientImpl: Submitted application application_1493284465466_724021
17/12/27 19:32:03 INFO mapreduce.Job: The url to track the job: http://a01.namenode.hadoop.tvapk:8088/proxy/application_1493284465466_724021/
17/12/27 19:32:03 INFO mapreduce.Job: Running job: job_1493284465466_724021
17/12/27 19:32:10 INFO mapreduce.Job: Job job_1493284465466_724021 running in uber mode : false
17/12/27 19:32:10 INFO mapreduce.Job:  map 0% reduce 0%
17/12/27 19:32:15 INFO mapreduce.Job:  map 100% reduce 0%
17/12/27 19:32:21 INFO mapreduce.Job:  map 100% reduce 100%
17/12/27 19:32:21 INFO mapreduce.Job: Job job_1493284465466_724021 completed successfully
17/12/27 19:32:21 INFO mapreduce.Job: Counters: 49
	File System Counters
		FILE: Number of bytes read=329830
		FILE: Number of bytes written=888017
		FILE: Number of read operations=0
		FILE: Number of large read operations=0
		FILE: Number of write operations=0
		HDFS: Number of bytes read=8518339
		HDFS: Number of bytes written=183394
		HDFS: Number of read operations=6
		HDFS: Number of large read operations=0
		HDFS: Number of write operations=2
	Job Counters 
		Launched map tasks=1
		Launched reduce tasks=1
		Data-local map tasks=1
		Total time spent by all maps in occupied slots (ms)=2961
		Total time spent by all reduces in occupied slots (ms)=3294
		Total time spent by all map tasks (ms)=2961
		Total time spent by all reduce tasks (ms)=3294
		Total vcore-seconds taken by all map tasks=2961
		Total vcore-seconds taken by all reduce tasks=3294
		Total megabyte-seconds taken by all map tasks=3032064
		Total megabyte-seconds taken by all reduce tasks=3373056
	Map-Reduce Framework
		Map input records=7376
		Map output records=21146
		Map output bytes=287531
		Map output materialized bytes=329830
		Input split bytes=332
		Combine input records=0
		Combine output records=0
		Reduce input groups=11094
		Reduce shuffle bytes=329830
		Reduce input records=21146
		Reduce output records=11094
		Spilled Records=42292
		Shuffled Maps =1
		Failed Shuffles=0
		Merged Map outputs=1
		GC time elapsed (ms)=266
		CPU time spent (ms)=3210
		Physical memory (bytes) snapshot=503640064
		Virtual memory (bytes) snapshot=5641400320
		Total committed heap usage (bytes)=531103744
	Shuffle Errors
		BAD_ID=0
		CONNECTION=0
		IO_ERROR=0
		WRONG_LENGTH=0
		WRONG_MAP=0
		WRONG_REDUCE=0
	File Input Format Counters 
		Bytes Read=0
	File Output Format Counters 
		Bytes Written=183394
rm: `/user/tvapk/cuiliqing/relatedRecMovie/act': No such file or directory
17/12/27 19:32:28 INFO fs.TrashPolicyDefault: Moved: 'hdfs://a01.namenode.hadoop.tvapk:9000/user/tvapk/cuiliqing/relatedOut' to trash at: hdfs://a01.namenode.hadoop.tvapk:9000/user/tvapk/.Trash/Current/user/tvapk/cuiliqing/relatedOut
17/12/27 19:32:34 INFO client.RMProxy: Connecting to ResourceManager at a01.namenode.hadoop.tvapk/192.168.1.32:8032
17/12/27 19:32:35 WARN mapreduce.JobResourceUploader: Hadoop command-line option parsing not performed. Implement the Tool interface and execute your application with ToolRunner to remedy this.
17/12/27 19:32:35 INFO input.FileInputFormat: Total input paths to process : 1
17/12/27 19:32:35 INFO mapreduce.JobSubmitter: number of splits:1
17/12/27 19:32:35 INFO Configuration.deprecation: mapred.reduce.parallel.copies is deprecated. Instead, use mapreduce.reduce.shuffle.parallelcopies
17/12/27 19:32:35 INFO mapreduce.JobSubmitter: Submitting tokens for job: job_1493284465466_724024
17/12/27 19:32:35 INFO impl.YarnClientImpl: Submitted application application_1493284465466_724024
17/12/27 19:32:35 INFO mapreduce.Job: The url to track the job: http://a01.namenode.hadoop.tvapk:8088/proxy/application_1493284465466_724024/
17/12/27 19:32:35 INFO mapreduce.Job: Running job: job_1493284465466_724024
17/12/27 19:32:42 INFO mapreduce.Job: Job job_1493284465466_724024 running in uber mode : false
17/12/27 19:32:42 INFO mapreduce.Job:  map 0% reduce 0%
17/12/27 19:32:47 INFO mapreduce.Job:  map 100% reduce 0%
17/12/27 19:32:53 INFO mapreduce.Job:  map 100% reduce 100%
17/12/27 19:32:53 INFO mapreduce.Job: Job job_1493284465466_724024 completed successfully
17/12/27 19:32:53 INFO mapreduce.Job: Counters: 49
	File System Counters
		FILE: Number of bytes read=115812
		FILE: Number of bytes written=459993
		FILE: Number of read operations=0
		FILE: Number of large read operations=0
		FILE: Number of write operations=0
		HDFS: Number of bytes read=8518341
		HDFS: Number of bytes written=75356
		HDFS: Number of read operations=6
		HDFS: Number of large read operations=0
		HDFS: Number of write operations=2
	Job Counters 
		Launched map tasks=1
		Launched reduce tasks=1
		Rack-local map tasks=1
		Total time spent by all maps in occupied slots (ms)=3120
		Total time spent by all reduces in occupied slots (ms)=3046
		Total time spent by all map tasks (ms)=3120
		Total time spent by all reduce tasks (ms)=3046
		Total vcore-seconds taken by all map tasks=3120
		Total vcore-seconds taken by all reduce tasks=3046
		Total megabyte-seconds taken by all map tasks=3194880
		Total megabyte-seconds taken by all reduce tasks=3119104
	Map-Reduce Framework
		Map input records=7376
		Map output records=7358
		Map output bytes=101090
		Map output materialized bytes=115812
		Input split bytes=334
		Combine input records=0
		Combine output records=0
		Reduce input groups=4548
		Reduce shuffle bytes=115812
		Reduce input records=7358
		Reduce output records=4548
		Spilled Records=14716
		Shuffled Maps =1
		Failed Shuffles=0
		Merged Map outputs=1
		GC time elapsed (ms)=353
		CPU time spent (ms)=3180
		Physical memory (bytes) snapshot=540581888
		Virtual memory (bytes) snapshot=5637066752
		Total committed heap usage (bytes)=555220992
	Shuffle Errors
		BAD_ID=0
		CONNECTION=0
		IO_ERROR=0
		WRONG_LENGTH=0
		WRONG_MAP=0
		WRONG_REDUCE=0
	File Input Format Counters 
		Bytes Read=0
	File Output Format Counters 
		Bytes Written=75356
rm: `/user/tvapk/cuiliqing/relatedRecMovie/direct': No such file or directory
17/12/27 19:33:02 INFO fs.TrashPolicyDefault: Moved: 'hdfs://a01.namenode.hadoop.tvapk:9000/user/tvapk/cuiliqing/relatedOut' to trash at: hdfs://a01.namenode.hadoop.tvapk:9000/user/tvapk/.Trash/Current/user/tvapk/cuiliqing/relatedOut1514374382378
17/12/27 19:33:07 INFO client.RMProxy: Connecting to ResourceManager at a01.namenode.hadoop.tvapk/192.168.1.32:8032
17/12/27 19:33:07 WARN mapreduce.JobResourceUploader: Hadoop command-line option parsing not performed. Implement the Tool interface and execute your application with ToolRunner to remedy this.
17/12/27 19:33:08 INFO input.FileInputFormat: Total input paths to process : 1
17/12/27 19:33:08 INFO mapreduce.JobSubmitter: number of splits:1
17/12/27 19:33:08 INFO Configuration.deprecation: mapred.reduce.parallel.copies is deprecated. Instead, use mapreduce.reduce.shuffle.parallelcopies
17/12/27 19:33:08 INFO mapreduce.JobSubmitter: Submitting tokens for job: job_1493284465466_724027
17/12/27 19:33:08 INFO impl.YarnClientImpl: Submitted application application_1493284465466_724027
17/12/27 19:33:08 INFO mapreduce.Job: The url to track the job: http://a01.namenode.hadoop.tvapk:8088/proxy/application_1493284465466_724027/
17/12/27 19:33:08 INFO mapreduce.Job: Running job: job_1493284465466_724027
17/12/27 19:33:14 INFO mapreduce.Job: Job job_1493284465466_724027 running in uber mode : false
17/12/27 19:33:14 INFO mapreduce.Job:  map 0% reduce 0%
17/12/27 19:33:19 INFO mapreduce.Job:  map 100% reduce 0%
17/12/27 19:33:24 INFO mapreduce.Job:  map 100% reduce 100%
17/12/27 19:33:25 INFO mapreduce.Job: Job job_1493284465466_724027 completed successfully
17/12/27 19:33:25 INFO mapreduce.Job: Counters: 49
	File System Counters
		FILE: Number of bytes read=67854
		FILE: Number of bytes written=364055
		FILE: Number of read operations=0
		FILE: Number of large read operations=0
		FILE: Number of write operations=0
		HDFS: Number of bytes read=8518337
		HDFS: Number of bytes written=1065
		HDFS: Number of read operations=6
		HDFS: Number of large read operations=0
		HDFS: Number of write operations=2
	Job Counters 
		Launched map tasks=1
		Launched reduce tasks=1
		Data-local map tasks=1
		Total time spent by all maps in occupied slots (ms)=2934
		Total time spent by all reduces in occupied slots (ms)=2813
		Total time spent by all map tasks (ms)=2934
		Total time spent by all reduce tasks (ms)=2813
		Total vcore-seconds taken by all map tasks=2934
		Total vcore-seconds taken by all reduce tasks=2813
		Total megabyte-seconds taken by all map tasks=3004416
		Total megabyte-seconds taken by all reduce tasks=2880512
	Map-Reduce Framework
		Map input records=7376
		Map output records=7372
		Map output bytes=53104
		Map output materialized bytes=67854
		Input split bytes=330
		Combine input records=0
		Combine output records=0
		Reduce input groups=89
		Reduce shuffle bytes=67854
		Reduce input records=7372
		Reduce output records=89
		Spilled Records=14744
		Shuffled Maps =1
		Failed Shuffles=0
		Merged Map outputs=1
		GC time elapsed (ms)=235
		CPU time spent (ms)=2580
		Physical memory (bytes) snapshot=524283904
		Virtual memory (bytes) snapshot=5639581696
		Total committed heap usage (bytes)=587202560
	Shuffle Errors
		BAD_ID=0
		CONNECTION=0
		IO_ERROR=0
		WRONG_LENGTH=0
		WRONG_MAP=0
		WRONG_REDUCE=0
	File Input Format Counters 
		Bytes Read=0
	File Output Format Counters 
		Bytes Written=1065
17/12/27 19:33:30 INFO fs.TrashPolicyDefault: Moved: 'hdfs://a01.namenode.hadoop.tvapk:9000/user/tvapk/cuiliqing/relatedOut' to trash at: hdfs://a01.namenode.hadoop.tvapk:9000/user/tvapk/.Trash/Current/user/tvapk/cuiliqing/relatedOut1514374410112
17/12/27 19:33:34 INFO fs.TrashPolicyDefault: Moved: 'hdfs://a01.namenode.hadoop.tvapk:9000/user/tvapk/cuiliqing/countryArea' to trash at: hdfs://a01.namenode.hadoop.tvapk:9000/user/tvapk/.Trash/Current/user/tvapk/cuiliqing/countryArea
rm: `/user/tvapk/cuiliqing/relatedRecMovie/area.txt': No such file or directory
rm: `/user/tvapk/cuiliqing/relatedRecMovie/country': No such file or directory
rm: `/user/tvapk/cuiliqing/relatedCleanTag': No such file or directory
17/12/27 19:33:52 INFO client.RMProxy: Connecting to ResourceManager at a01.namenode.hadoop.tvapk/192.168.1.32:8032
17/12/27 19:33:52 WARN mapreduce.JobResourceUploader: Hadoop command-line option parsing not performed. Implement the Tool interface and execute your application with ToolRunner to remedy this.
17/12/27 19:33:53 INFO input.FileInputFormat: Total input paths to process : 1
17/12/27 19:33:53 INFO mapreduce.JobSubmitter: number of splits:1
17/12/27 19:33:53 INFO Configuration.deprecation: mapred.reduce.parallel.copies is deprecated. Instead, use mapreduce.reduce.shuffle.parallelcopies
17/12/27 19:33:53 INFO mapreduce.JobSubmitter: Submitting tokens for job: job_1493284465466_724029
17/12/27 19:33:53 INFO impl.YarnClientImpl: Submitted application application_1493284465466_724029
17/12/27 19:33:53 INFO mapreduce.Job: The url to track the job: http://a01.namenode.hadoop.tvapk:8088/proxy/application_1493284465466_724029/
17/12/27 19:33:53 INFO mapreduce.Job: Running job: job_1493284465466_724029
17/12/27 19:33:58 INFO mapreduce.Job: Job job_1493284465466_724029 running in uber mode : false
17/12/27 19:33:58 INFO mapreduce.Job:  map 0% reduce 0%
17/12/27 19:34:04 INFO mapreduce.Job:  map 100% reduce 0%
17/12/27 19:34:09 INFO mapreduce.Job:  map 100% reduce 100%
17/12/27 19:34:10 INFO mapreduce.Job: Job job_1493284465466_724029 completed successfully
17/12/27 19:34:10 INFO mapreduce.Job: Counters: 49
	File System Counters
		FILE: Number of bytes read=575259
		FILE: Number of bytes written=1380713
		FILE: Number of read operations=0
		FILE: Number of large read operations=0
		FILE: Number of write operations=0
		HDFS: Number of bytes read=8518346
		HDFS: Number of bytes written=107586
		HDFS: Number of read operations=6
		HDFS: Number of large read operations=0
		HDFS: Number of write operations=2
	Job Counters 
		Launched map tasks=1
		Launched reduce tasks=1
		Rack-local map tasks=1
		Total time spent by all maps in occupied slots (ms)=3490
		Total time spent by all reduces in occupied slots (ms)=3260
		Total time spent by all map tasks (ms)=3490
		Total time spent by all reduce tasks (ms)=3260
		Total vcore-seconds taken by all map tasks=3490
		Total vcore-seconds taken by all reduce tasks=3260
		Total megabyte-seconds taken by all map tasks=3573760
		Total megabyte-seconds taken by all reduce tasks=3338240
	Map-Reduce Framework
		Map input records=7376
		Map output records=54750
		Map output bytes=465753
		Map output materialized bytes=575259
		Input split bytes=339
		Combine input records=0
		Combine output records=0
		Reduce input groups=7474
		Reduce shuffle bytes=575259
		Reduce input records=54750
		Reduce output records=7474
		Spilled Records=109500
		Shuffled Maps =1
		Failed Shuffles=0
		Merged Map outputs=1
		GC time elapsed (ms)=133
		CPU time spent (ms)=4570
		Physical memory (bytes) snapshot=593403904
		Virtual memory (bytes) snapshot=5640536064
		Total committed heap usage (bytes)=656932864
	Shuffle Errors
		BAD_ID=0
		CONNECTION=0
		IO_ERROR=0
		WRONG_LENGTH=0
		WRONG_MAP=0
		WRONG_REDUCE=0
	File Input Format Counters 
		Bytes Read=0
	File Output Format Counters 
		Bytes Written=107586
rm: `/user/tvapk/cuiliqing/relatedRecMovie/movieTags': No such file or directory
rm: 无法删除"/data/tvapk/cuiliqing/cuiliqing/relatedRecData/movieTags": 没有那个文件或目录
17/12/27 19:34:21 INFO fs.TrashPolicyDefault: Moved: 'hdfs://a01.namenode.hadoop.tvapk:9000/user/tvapk/cuiliqing/relatedOut' to trash at: hdfs://a01.namenode.hadoop.tvapk:9000/user/tvapk/.Trash/Current/user/tvapk/cuiliqing/relatedOut1514374461518
rm: 无法删除"/data/tvapk/cuiliqing/cuiliqing/relatedFeatsIdx.txt": 没有那个文件或目录
rm: `/user/tvapk/cuiliqing/relatedOut': No such file or directory
17/12/27 19:34:28 INFO client.RMProxy: Connecting to ResourceManager at a01.namenode.hadoop.tvapk/192.168.1.32:8032
17/12/27 19:34:29 INFO input.FileInputFormat: Total input paths to process : 1
17/12/27 19:34:29 INFO mapreduce.JobSubmitter: number of splits:1
17/12/27 19:34:29 INFO Configuration.deprecation: mapred.reduce.parallel.copies is deprecated. Instead, use mapreduce.reduce.shuffle.parallelcopies
17/12/27 19:34:29 INFO mapreduce.JobSubmitter: Submitting tokens for job: job_1493284465466_724031
17/12/27 19:34:30 INFO impl.YarnClientImpl: Submitted application application_1493284465466_724031
17/12/27 19:34:30 INFO mapreduce.Job: The url to track the job: http://a01.namenode.hadoop.tvapk:8088/proxy/application_1493284465466_724031/
17/12/27 19:34:30 INFO mapreduce.Job: Running job: job_1493284465466_724031
17/12/27 19:34:35 INFO mapreduce.Job: Job job_1493284465466_724031 running in uber mode : false
17/12/27 19:34:35 INFO mapreduce.Job:  map 0% reduce 0%
17/12/27 19:34:40 INFO mapreduce.Job:  map 100% reduce 0%
17/12/27 19:34:46 INFO mapreduce.Job:  map 100% reduce 100%
17/12/27 19:34:46 INFO mapreduce.Job: Job job_1493284465466_724031 completed successfully
17/12/27 19:34:46 INFO mapreduce.Job: Counters: 49
	File System Counters
		FILE: Number of bytes read=1232143
		FILE: Number of bytes written=2697767
		FILE: Number of read operations=0
		FILE: Number of large read operations=0
		FILE: Number of write operations=0
		HDFS: Number of bytes read=8518351
		HDFS: Number of bytes written=1209229
		HDFS: Number of read operations=6
		HDFS: Number of large read operations=0
		HDFS: Number of write operations=2
	Job Counters 
		Launched map tasks=1
		Launched reduce tasks=1
		Data-local map tasks=1
		Total time spent by all maps in occupied slots (ms)=3158
		Total time spent by all reduces in occupied slots (ms)=2725
		Total time spent by all map tasks (ms)=3158
		Total time spent by all reduce tasks (ms)=2725
		Total vcore-seconds taken by all map tasks=3158
		Total vcore-seconds taken by all reduce tasks=2725
		Total megabyte-seconds taken by all map tasks=3233792
		Total megabyte-seconds taken by all reduce tasks=2790400
	Map-Reduce Framework
		Map input records=7376
		Map output records=7376
		Map output bytes=1213304
		Map output materialized bytes=1232143
		Input split bytes=344
		Combine input records=0
		Combine output records=0
		Reduce input groups=7376
		Reduce shuffle bytes=1232143
		Reduce input records=7376
		Reduce output records=7376
		Spilled Records=14752
		Shuffled Maps =1
		Failed Shuffles=0
		Merged Map outputs=1
		GC time elapsed (ms)=315
		CPU time spent (ms)=4190
		Physical memory (bytes) snapshot=587776000
		Virtual memory (bytes) snapshot=5641551872
		Total committed heap usage (bytes)=635961344
	Shuffle Errors
		BAD_ID=0
		CONNECTION=0
		IO_ERROR=0
		WRONG_LENGTH=0
		WRONG_MAP=0
		WRONG_REDUCE=0
	File Input Format Counters 
		Bytes Read=0
	File Output Format Counters 
		Bytes Written=1209229
17/12/27 19:34:48 INFO fs.TrashPolicyDefault: Moved: 'hdfs://a01.namenode.hadoop.tvapk:9000/user/tvapk/cuiliqing/movieItemFeatures' to trash at: hdfs://a01.namenode.hadoop.tvapk:9000/user/tvapk/.Trash/Current/user/tvapk/cuiliqing/movieItemFeatures
17/12/27 19:34:53 INFO fs.TrashPolicyDefault: Moved: 'hdfs://a01.namenode.hadoop.tvapk:9000/user/tvapk/cuiliqing/relatedOut' to trash at: hdfs://a01.namenode.hadoop.tvapk:9000/user/tvapk/.Trash/Current/user/tvapk/cuiliqing/relatedOut1514374493010
rm: `/user/tvapk/cuiliqing/relatedRecNegs': No such file or directory
rm: `/user/tvapk/cuiliqing/relatedRecPos': No such file or directory
17/12/27 19:35:06 INFO fs.TrashPolicyDefault: Moved: 'hdfs://a01.namenode.hadoop.tvapk:9000/user/tvapk/cuiliqing/relatedInput' to trash at: hdfs://a01.namenode.hadoop.tvapk:9000/user/tvapk/.Trash/Current/user/tvapk/cuiliqing/relatedInput
rm: `/user/tvapk/cuiliqing/relatedOut': No such file or directory
17/12/27 19:38:17 INFO client.RMProxy: Connecting to ResourceManager at a01.namenode.hadoop.tvapk/192.168.1.32:8032
17/12/27 19:38:20 INFO input.FileInputFormat: Total input paths to process : 38
17/12/27 19:38:20 INFO mapreduce.JobSubmitter: number of splits:38
17/12/27 19:38:20 INFO Configuration.deprecation: mapred.reduce.parallel.copies is deprecated. Instead, use mapreduce.reduce.shuffle.parallelcopies
17/12/27 19:38:20 INFO mapreduce.JobSubmitter: Submitting tokens for job: job_1493284465466_724041
17/12/27 19:38:21 INFO impl.YarnClientImpl: Submitted application application_1493284465466_724041
17/12/27 19:38:21 INFO mapreduce.Job: The url to track the job: http://a01.namenode.hadoop.tvapk:8088/proxy/application_1493284465466_724041/
17/12/27 19:38:21 INFO mapreduce.Job: Running job: job_1493284465466_724041
17/12/27 19:38:27 INFO mapreduce.Job: Job job_1493284465466_724041 running in uber mode : false
17/12/27 19:38:27 INFO mapreduce.Job:  map 0% reduce 0%
17/12/27 19:38:32 INFO mapreduce.Job:  map 3% reduce 0%
17/12/27 19:38:33 INFO mapreduce.Job:  map 16% reduce 0%
17/12/27 19:38:34 INFO mapreduce.Job:  map 26% reduce 0%
17/12/27 19:38:35 INFO mapreduce.Job:  map 37% reduce 0%
17/12/27 19:38:36 INFO mapreduce.Job:  map 50% reduce 0%
17/12/27 19:38:37 INFO mapreduce.Job:  map 58% reduce 0%
17/12/27 19:38:38 INFO mapreduce.Job:  map 68% reduce 0%
17/12/27 19:38:39 INFO mapreduce.Job:  map 84% reduce 0%
17/12/27 19:38:40 INFO mapreduce.Job:  map 95% reduce 0%
17/12/27 19:38:41 INFO mapreduce.Job:  map 100% reduce 0%
17/12/27 19:38:52 INFO mapreduce.Job:  map 100% reduce 33%
17/12/27 19:38:55 INFO mapreduce.Job:  map 100% reduce 71%
17/12/27 19:38:58 INFO mapreduce.Job:  map 100% reduce 92%
17/12/27 19:39:01 INFO mapreduce.Job:  map 100% reduce 100%
17/12/27 19:39:01 INFO mapreduce.Job: Job job_1493284465466_724041 completed successfully
17/12/27 19:39:01 INFO mapreduce.Job: Counters: 49
	File System Counters
		FILE: Number of bytes read=376310532
		FILE: Number of bytes written=757080903
		FILE: Number of read operations=0
		FILE: Number of large read operations=0
		FILE: Number of write operations=0
		HDFS: Number of bytes read=242664210
		HDFS: Number of bytes written=14333997
		HDFS: Number of read operations=117
		HDFS: Number of large read operations=0
		HDFS: Number of write operations=2
	Job Counters 
		Launched map tasks=38
		Launched reduce tasks=1
		Data-local map tasks=38
		Total time spent by all maps in occupied slots (ms)=170619
		Total time spent by all reduces in occupied slots (ms)=17684
		Total time spent by all map tasks (ms)=170619
		Total time spent by all reduce tasks (ms)=17684
		Total vcore-seconds taken by all map tasks=170619
		Total vcore-seconds taken by all reduce tasks=17684
		Total megabyte-seconds taken by all map tasks=174713856
		Total megabyte-seconds taken by all reduce tasks=18108416
	Map-Reduce Framework
		Map input records=187906
		Map output records=5226535
		Map output bytes=365857450
		Map output materialized bytes=376310748
		Input split bytes=12540
		Combine input records=0
		Combine output records=0
		Reduce input groups=208232
		Reduce shuffle bytes=376310748
		Reduce input records=5226535
		Reduce output records=208232
		Spilled Records=10453070
		Shuffled Maps =38
		Failed Shuffles=0
		Merged Map outputs=38
		GC time elapsed (ms)=7101
		CPU time spent (ms)=105230
		Physical memory (bytes) snapshot=13453955072
		Virtual memory (bytes) snapshot=109330878464
		Total committed heap usage (bytes)=15538847744
	Shuffle Errors
		BAD_ID=0
		CONNECTION=0
		IO_ERROR=0
		WRONG_LENGTH=0
		WRONG_MAP=0
		WRONG_REDUCE=0
	File Input Format Counters 
		Bytes Read=0
	File Output Format Counters 
		Bytes Written=14333997
17/12/27 19:39:06 INFO fs.TrashPolicyDefault: Moved: 'hdfs://a01.namenode.hadoop.tvapk:9000/user/tvapk/cuiliqing/relatedOut' to trash at: hdfs://a01.namenode.hadoop.tvapk:9000/user/tvapk/.Trash/Current/user/tvapk/cuiliqing/relatedOut1514374746986
17/12/27 19:39:09 INFO fs.TrashPolicyDefault: Moved: 'hdfs://a01.namenode.hadoop.tvapk:9000/user/tvapk/cuiliqing/relatedRecNegs' to trash at: hdfs://a01.namenode.hadoop.tvapk:9000/user/tvapk/.Trash/Current/user/tvapk/cuiliqing/relatedRecNegs
17/12/27 19:39:12 INFO client.RMProxy: Connecting to ResourceManager at a01.namenode.hadoop.tvapk/192.168.1.32:8032
17/12/27 19:39:13 INFO input.FileInputFormat: Total input paths to process : 38
17/12/27 19:39:13 INFO mapreduce.JobSubmitter: number of splits:38
17/12/27 19:39:13 INFO Configuration.deprecation: mapred.reduce.parallel.copies is deprecated. Instead, use mapreduce.reduce.shuffle.parallelcopies
17/12/27 19:39:13 INFO mapreduce.JobSubmitter: Submitting tokens for job: job_1493284465466_724043
17/12/27 19:39:13 INFO impl.YarnClientImpl: Submitted application application_1493284465466_724043
17/12/27 19:39:13 INFO mapreduce.Job: The url to track the job: http://a01.namenode.hadoop.tvapk:8088/proxy/application_1493284465466_724043/
17/12/27 19:39:13 INFO mapreduce.Job: Running job: job_1493284465466_724043
17/12/27 19:39:19 INFO mapreduce.Job: Job job_1493284465466_724043 running in uber mode : false
17/12/27 19:39:19 INFO mapreduce.Job:  map 0% reduce 0%
17/12/27 19:39:23 INFO mapreduce.Job:  map 3% reduce 0%
17/12/27 19:39:25 INFO mapreduce.Job:  map 13% reduce 0%
17/12/27 19:39:26 INFO mapreduce.Job:  map 26% reduce 0%
17/12/27 19:39:27 INFO mapreduce.Job:  map 37% reduce 0%
17/12/27 19:39:28 INFO mapreduce.Job:  map 47% reduce 0%
17/12/27 19:39:29 INFO mapreduce.Job:  map 55% reduce 0%
17/12/27 19:39:30 INFO mapreduce.Job:  map 63% reduce 0%
17/12/27 19:39:31 INFO mapreduce.Job:  map 76% reduce 0%
17/12/27 19:39:32 INFO mapreduce.Job:  map 89% reduce 0%
17/12/27 19:39:33 INFO mapreduce.Job:  map 97% reduce 0%
17/12/27 19:39:34 INFO mapreduce.Job:  map 100% reduce 0%
17/12/27 19:39:40 INFO mapreduce.Job:  map 100% reduce 100%
17/12/27 19:39:40 INFO mapreduce.Job: Job job_1493284465466_724043 completed successfully
17/12/27 19:39:40 INFO mapreduce.Job: Counters: 49
	File System Counters
		FILE: Number of bytes read=25194462
		FILE: Number of bytes written=54848808
		FILE: Number of read operations=0
		FILE: Number of large read operations=0
		FILE: Number of write operations=0
		HDFS: Number of bytes read=15150338
		HDFS: Number of bytes written=6977877
		HDFS: Number of read operations=117
		HDFS: Number of large read operations=0
		HDFS: Number of write operations=2
	Job Counters 
		Launched map tasks=38
		Launched reduce tasks=1
		Data-local map tasks=38
		Total time spent by all maps in occupied slots (ms)=143083
		Total time spent by all reduces in occupied slots (ms)=3674
		Total time spent by all map tasks (ms)=143083
		Total time spent by all reduce tasks (ms)=3674
		Total vcore-seconds taken by all map tasks=143083
		Total vcore-seconds taken by all reduce tasks=3674
		Total megabyte-seconds taken by all map tasks=146516992
		Total megabyte-seconds taken by all reduce tasks=3762176
	Map-Reduce Framework
		Map input records=108797
		Map output records=349923
		Map output bytes=24494610
		Map output materialized bytes=25194684
		Input split bytes=12578
		Combine input records=0
		Combine output records=0
		Reduce input groups=102491
		Reduce shuffle bytes=25194684
		Reduce input records=349923
		Reduce output records=102491
		Spilled Records=699846
		Shuffled Maps =38
		Failed Shuffles=0
		Merged Map outputs=38
		GC time elapsed (ms)=5142
		CPU time spent (ms)=47910
		Physical memory (bytes) snapshot=11128205312
		Virtual memory (bytes) snapshot=109310930944
		Total committed heap usage (bytes)=12028739584
	Shuffle Errors
		BAD_ID=0
		CONNECTION=0
		IO_ERROR=0
		WRONG_LENGTH=0
		WRONG_MAP=0
		WRONG_REDUCE=0
	File Input Format Counters 
		Bytes Read=0
	File Output Format Counters 
		Bytes Written=6977877
17/12/27 19:39:45 INFO fs.TrashPolicyDefault: Moved: 'hdfs://a01.namenode.hadoop.tvapk:9000/user/tvapk/cuiliqing/relatedOut' to trash at: hdfs://a01.namenode.hadoop.tvapk:9000/user/tvapk/.Trash/Current/user/tvapk/cuiliqing/relatedOut1514374785646
17/12/27 19:39:47 INFO fs.TrashPolicyDefault: Moved: 'hdfs://a01.namenode.hadoop.tvapk:9000/user/tvapk/cuiliqing/relatedRecPos' to trash at: hdfs://a01.namenode.hadoop.tvapk:9000/user/tvapk/.Trash/Current/user/tvapk/cuiliqing/relatedRecPos
17/12/27 19:39:49 INFO client.RMProxy: Connecting to ResourceManager at a01.namenode.hadoop.tvapk/192.168.1.32:8032
17/12/27 19:39:50 INFO input.FileInputFormat: Total input paths to process : 2
17/12/27 19:39:50 INFO mapreduce.JobSubmitter: number of splits:2
17/12/27 19:39:50 INFO Configuration.deprecation: mapred.reduce.parallel.copies is deprecated. Instead, use mapreduce.reduce.shuffle.parallelcopies
17/12/27 19:39:50 INFO mapreduce.JobSubmitter: Submitting tokens for job: job_1493284465466_724045
17/12/27 19:39:51 INFO impl.YarnClientImpl: Submitted application application_1493284465466_724045
17/12/27 19:39:51 INFO mapreduce.Job: The url to track the job: http://a01.namenode.hadoop.tvapk:8088/proxy/application_1493284465466_724045/
17/12/27 19:39:51 INFO mapreduce.Job: Running job: job_1493284465466_724045
17/12/27 19:39:56 INFO mapreduce.Job: Job job_1493284465466_724045 running in uber mode : false
17/12/27 19:39:56 INFO mapreduce.Job:  map 0% reduce 0%
17/12/27 19:40:01 INFO mapreduce.Job:  map 50% reduce 0%
17/12/27 19:40:02 INFO mapreduce.Job:  map 100% reduce 0%
17/12/27 19:40:09 INFO mapreduce.Job:  map 100% reduce 100%
17/12/27 19:40:09 INFO mapreduce.Job: Job job_1493284465466_724045 completed successfully
17/12/27 19:40:09 INFO mapreduce.Job: Counters: 49
	File System Counters
		FILE: Number of bytes read=22372062
		FILE: Number of bytes written=45087128
		FILE: Number of read operations=0
		FILE: Number of large read operations=0
		FILE: Number of write operations=0
		HDFS: Number of bytes read=21312523
		HDFS: Number of bytes written=19303794
		HDFS: Number of read operations=9
		HDFS: Number of large read operations=0
		HDFS: Number of write operations=2
	Job Counters 
		Launched map tasks=2
		Launched reduce tasks=1
		Data-local map tasks=2
		Total time spent by all maps in occupied slots (ms)=6723
		Total time spent by all reduces in occupied slots (ms)=4833
		Total time spent by all map tasks (ms)=6723
		Total time spent by all reduce tasks (ms)=4833
		Total vcore-seconds taken by all map tasks=6723
		Total vcore-seconds taken by all reduce tasks=4833
		Total megabyte-seconds taken by all map tasks=6884352
		Total megabyte-seconds taken by all reduce tasks=4948992
	Map-Reduce Framework
		Map input records=310723
		Map output records=310723
		Map output bytes=21750610
		Map output materialized bytes=22372068
		Input split bytes=649
		Combine input records=0
		Combine output records=0
		Reduce input groups=267432
		Reduce shuffle bytes=22372068
		Reduce input records=310723
		Reduce output records=267432
		Spilled Records=621446
		Shuffled Maps =2
		Failed Shuffles=0
		Merged Map outputs=2
		GC time elapsed (ms)=872
		CPU time spent (ms)=12570
		Physical memory (bytes) snapshot=963268608
		Virtual memory (bytes) snapshot=8434143232
		Total committed heap usage (bytes)=1173880832
	Shuffle Errors
		BAD_ID=0
		CONNECTION=0
		IO_ERROR=0
		WRONG_LENGTH=0
		WRONG_MAP=0
		WRONG_REDUCE=0
	File Input Format Counters 
		Bytes Read=0
	File Output Format Counters 
		Bytes Written=19303794
rm: `/user/tvapk/cuiliqing/relatedClickRateMvPair': No such file or directory
17/12/27 19:40:16 INFO fs.TrashPolicyDefault: Moved: 'hdfs://a01.namenode.hadoop.tvapk:9000/user/tvapk/cuiliqing/relatedOut' to trash at: hdfs://a01.namenode.hadoop.tvapk:9000/user/tvapk/.Trash/Current/user/tvapk/cuiliqing/relatedOut1514374816585
17/12/27 19:40:18 INFO client.RMProxy: Connecting to ResourceManager at a01.namenode.hadoop.tvapk/192.168.1.32:8032
17/12/27 19:40:19 INFO input.FileInputFormat: Total input paths to process : 1
17/12/27 19:40:19 INFO mapreduce.JobSubmitter: number of splits:1
17/12/27 19:40:19 INFO Configuration.deprecation: mapred.reduce.parallel.copies is deprecated. Instead, use mapreduce.reduce.shuffle.parallelcopies
17/12/27 19:40:19 INFO mapreduce.JobSubmitter: Submitting tokens for job: job_1493284465466_724047
17/12/27 19:40:20 INFO impl.YarnClientImpl: Submitted application application_1493284465466_724047
17/12/27 19:40:20 INFO mapreduce.Job: The url to track the job: http://a01.namenode.hadoop.tvapk:8088/proxy/application_1493284465466_724047/
17/12/27 19:40:20 INFO mapreduce.Job: Running job: job_1493284465466_724047
17/12/27 19:40:26 INFO mapreduce.Job: Job job_1493284465466_724047 running in uber mode : false
17/12/27 19:40:26 INFO mapreduce.Job:  map 0% reduce 0%
17/12/27 19:40:36 INFO mapreduce.Job:  map 46% reduce 0%
17/12/27 19:40:39 INFO mapreduce.Job:  map 100% reduce 0%
17/12/27 19:40:46 INFO mapreduce.Job:  map 100% reduce 100%
17/12/27 19:40:46 INFO mapreduce.Job: Job job_1493284465466_724047 completed successfully
17/12/27 19:40:46 INFO mapreduce.Job: Counters: 49
	File System Counters
		FILE: Number of bytes read=63829346
		FILE: Number of bytes written=127889047
		FILE: Number of read operations=0
		FILE: Number of large read operations=0
		FILE: Number of write operations=0
		HDFS: Number of bytes read=19304135
		HDFS: Number of bytes written=62593452
		HDFS: Number of read operations=6
		HDFS: Number of large read operations=0
		HDFS: Number of write operations=2
	Job Counters 
		Launched map tasks=1
		Launched reduce tasks=1
		Data-local map tasks=1
		Total time spent by all maps in occupied slots (ms)=11539
		Total time spent by all reduces in occupied slots (ms)=4565
		Total time spent by all map tasks (ms)=11539
		Total time spent by all reduce tasks (ms)=4565
		Total vcore-seconds taken by all map tasks=11539
		Total vcore-seconds taken by all reduce tasks=4565
		Total megabyte-seconds taken by all map tasks=11815936
		Total megabyte-seconds taken by all reduce tasks=4674560
	Map-Reduce Framework
		Map input records=267432
		Map output records=218179
		Map output bytes=62992795
		Map output materialized bytes=63829346
		Input split bytes=341
		Combine input records=0
		Combine output records=0
		Reduce input groups=218132
		Reduce shuffle bytes=63829346
		Reduce input records=218179
		Reduce output records=218179
		Spilled Records=436358
		Shuffled Maps =1
		Failed Shuffles=0
		Merged Map outputs=1
		GC time elapsed (ms)=523
		CPU time spent (ms)=15960
		Physical memory (bytes) snapshot=743370752
		Virtual memory (bytes) snapshot=5637869568
		Total committed heap usage (bytes)=801636352
	Shuffle Errors
		BAD_ID=0
		CONNECTION=0
		IO_ERROR=0
		WRONG_LENGTH=0
		WRONG_MAP=0
		WRONG_REDUCE=0
	File Input Format Counters 
		Bytes Read=0
	File Output Format Counters 
		Bytes Written=62593452
rm: `/user/tvapk/cuiliqing/relatedRecTrainData': No such file or directory
17/12/27 19:40:53 INFO fs.TrashPolicyDefault: Moved: 'hdfs://a01.namenode.hadoop.tvapk:9000/user/tvapk/cuiliqing/relatedOut' to trash at: hdfs://a01.namenode.hadoop.tvapk:9000/user/tvapk/.Trash/Current/user/tvapk/cuiliqing/relatedOut1514374853888
17/12/27 19:40:56 INFO fs.TrashPolicyDefault: Moved: 'hdfs://a01.namenode.hadoop.tvapk:9000/user/tvapk/cuiliqing/relatedClickRateMvPair' to trash at: hdfs://a01.namenode.hadoop.tvapk:9000/user/tvapk/.Trash/Current/user/tvapk/cuiliqing/relatedClickRateMvPair
17/12/27 19:41:00 INFO fs.TrashPolicyDefault: Moved: 'hdfs://a01.namenode.hadoop.tvapk:9000/user/tvapk/cuiliqing/relatedRecTrainData' to trash at: hdfs://a01.namenode.hadoop.tvapk:9000/user/tvapk/.Trash/Current/user/tvapk/cuiliqing/relatedRecTrainData
