nohup: 忽略输入
rm: `/user/tvapk/cuiliqing/relatedOut': No such file or directory
18/02/01 17:10:31 INFO fs.TrashPolicyDefault: Moved: 'hdfs://a01.namenode.hadoop.tvapk:9000/user/tvapk/cuiliqing/relatedRecMovie' to trash at: hdfs://a01.namenode.hadoop.tvapk:9000/user/tvapk/.Trash/Current/user/tvapk/cuiliqing/relatedRecMovie
18/02/01 17:10:35 INFO client.RMProxy: Connecting to ResourceManager at a01.namenode.hadoop.tvapk/192.168.1.32:8032
18/02/01 17:10:36 WARN mapreduce.JobResourceUploader: Hadoop command-line option parsing not performed. Implement the Tool interface and execute your application with ToolRunner to remedy this.
18/02/01 17:10:36 INFO input.FileInputFormat: Total input paths to process : 1
18/02/01 17:10:36 INFO mapreduce.JobSubmitter: number of splits:1
18/02/01 17:10:36 INFO Configuration.deprecation: mapred.reduce.parallel.copies is deprecated. Instead, use mapreduce.reduce.shuffle.parallelcopies
18/02/01 17:10:37 INFO mapreduce.JobSubmitter: Submitting tokens for job: job_1493284465466_837414
18/02/01 17:10:37 INFO impl.YarnClientImpl: Submitted application application_1493284465466_837414
18/02/01 17:10:37 INFO mapreduce.Job: The url to track the job: http://a01.namenode.hadoop.tvapk:8088/proxy/application_1493284465466_837414/
18/02/01 17:10:37 INFO mapreduce.Job: Running job: job_1493284465466_837414
18/02/01 17:10:43 INFO mapreduce.Job: Job job_1493284465466_837414 running in uber mode : false
18/02/01 17:10:43 INFO mapreduce.Job:  map 0% reduce 0%
18/02/01 17:10:47 INFO mapreduce.Job:  map 100% reduce 0%
18/02/01 17:10:52 INFO mapreduce.Job:  map 100% reduce 100%
18/02/01 17:10:52 INFO mapreduce.Job: Job job_1493284465466_837414 completed successfully
18/02/01 17:10:52 INFO mapreduce.Job: Counters: 49
	File System Counters
		FILE: Number of bytes read=307432
		FILE: Number of bytes written=843221
		FILE: Number of read operations=0
		FILE: Number of large read operations=0
		FILE: Number of write operations=0
		HDFS: Number of bytes read=7931471
		HDFS: Number of bytes written=173315
		HDFS: Number of read operations=6
		HDFS: Number of large read operations=0
		HDFS: Number of write operations=2
	Job Counters 
		Launched map tasks=1
		Launched reduce tasks=1
		Rack-local map tasks=1
		Total time spent by all maps in occupied slots (ms)=2810
		Total time spent by all reduces in occupied slots (ms)=2397
		Total time spent by all map tasks (ms)=2810
		Total time spent by all reduce tasks (ms)=2397
		Total vcore-seconds taken by all map tasks=2810
		Total vcore-seconds taken by all reduce tasks=2397
		Total megabyte-seconds taken by all map tasks=2877440
		Total megabyte-seconds taken by all reduce tasks=2454528
	Map-Reduce Framework
		Map input records=6880
		Map output records=19817
		Map output bytes=267791
		Map output materialized bytes=307432
		Input split bytes=332
		Combine input records=0
		Combine output records=0
		Reduce input groups=10504
		Reduce shuffle bytes=307432
		Reduce input records=19817
		Reduce output records=10504
		Spilled Records=39634
		Shuffled Maps =1
		Failed Shuffles=0
		Merged Map outputs=1
		GC time elapsed (ms)=104
		CPU time spent (ms)=3210
		Physical memory (bytes) snapshot=578256896
		Virtual memory (bytes) snapshot=5640765440
		Total committed heap usage (bytes)=566231040
	Shuffle Errors
		BAD_ID=0
		CONNECTION=0
		IO_ERROR=0
		WRONG_LENGTH=0
		WRONG_MAP=0
		WRONG_REDUCE=0
	File Input Format Counters 
		Bytes Read=0
	File Output Format Counters 
		Bytes Written=173315
rm: `/user/tvapk/cuiliqing/relatedRecMovie/act': No such file or directory
18/02/01 17:10:59 INFO fs.TrashPolicyDefault: Moved: 'hdfs://a01.namenode.hadoop.tvapk:9000/user/tvapk/cuiliqing/relatedOut' to trash at: hdfs://a01.namenode.hadoop.tvapk:9000/user/tvapk/.Trash/Current/user/tvapk/cuiliqing/relatedOut
18/02/01 17:11:05 INFO client.RMProxy: Connecting to ResourceManager at a01.namenode.hadoop.tvapk/192.168.1.32:8032
18/02/01 17:11:06 WARN mapreduce.JobResourceUploader: Hadoop command-line option parsing not performed. Implement the Tool interface and execute your application with ToolRunner to remedy this.
18/02/01 17:11:06 INFO input.FileInputFormat: Total input paths to process : 1
18/02/01 17:11:06 INFO mapreduce.JobSubmitter: number of splits:1
18/02/01 17:11:06 INFO Configuration.deprecation: mapred.reduce.parallel.copies is deprecated. Instead, use mapreduce.reduce.shuffle.parallelcopies
18/02/01 17:11:06 INFO mapreduce.JobSubmitter: Submitting tokens for job: job_1493284465466_837416
18/02/01 17:11:06 INFO impl.YarnClientImpl: Submitted application application_1493284465466_837416
18/02/01 17:11:06 INFO mapreduce.Job: The url to track the job: http://a01.namenode.hadoop.tvapk:8088/proxy/application_1493284465466_837416/
18/02/01 17:11:06 INFO mapreduce.Job: Running job: job_1493284465466_837416
18/02/01 17:11:12 INFO mapreduce.Job: Job job_1493284465466_837416 running in uber mode : false
18/02/01 17:11:12 INFO mapreduce.Job:  map 0% reduce 0%
18/02/01 17:11:17 INFO mapreduce.Job:  map 100% reduce 0%
18/02/01 17:11:21 INFO mapreduce.Job:  map 100% reduce 100%
18/02/01 17:11:22 INFO mapreduce.Job: Job job_1493284465466_837416 completed successfully
18/02/01 17:11:22 INFO mapreduce.Job: Counters: 49
	File System Counters
		FILE: Number of bytes read=107376
		FILE: Number of bytes written=443121
		FILE: Number of read operations=0
		FILE: Number of large read operations=0
		FILE: Number of write operations=0
		HDFS: Number of bytes read=7931473
		HDFS: Number of bytes written=70819
		HDFS: Number of read operations=6
		HDFS: Number of large read operations=0
		HDFS: Number of write operations=2
	Job Counters 
		Launched map tasks=1
		Launched reduce tasks=1
		Data-local map tasks=1
		Total time spent by all maps in occupied slots (ms)=2426
		Total time spent by all reduces in occupied slots (ms)=2306
		Total time spent by all map tasks (ms)=2426
		Total time spent by all reduce tasks (ms)=2306
		Total vcore-seconds taken by all map tasks=2426
		Total vcore-seconds taken by all reduce tasks=2306
		Total megabyte-seconds taken by all map tasks=2484224
		Total megabyte-seconds taken by all reduce tasks=2361344
	Map-Reduce Framework
		Map input records=6880
		Map output records=6869
		Map output bytes=93632
		Map output materialized bytes=107376
		Input split bytes=334
		Combine input records=0
		Combine output records=0
		Reduce input groups=4294
		Reduce shuffle bytes=107376
		Reduce input records=6869
		Reduce output records=4294
		Spilled Records=13738
		Shuffled Maps =1
		Failed Shuffles=0
		Merged Map outputs=1
		GC time elapsed (ms)=107
		CPU time spent (ms)=2530
		Physical memory (bytes) snapshot=536264704
		Virtual memory (bytes) snapshot=5633204224
		Total committed heap usage (bytes)=542638080
	Shuffle Errors
		BAD_ID=0
		CONNECTION=0
		IO_ERROR=0
		WRONG_LENGTH=0
		WRONG_MAP=0
		WRONG_REDUCE=0
	File Input Format Counters 
		Bytes Read=0
	File Output Format Counters 
		Bytes Written=70819
rm: `/user/tvapk/cuiliqing/relatedRecMovie/direct': No such file or directory
18/02/01 17:11:31 INFO fs.TrashPolicyDefault: Moved: 'hdfs://a01.namenode.hadoop.tvapk:9000/user/tvapk/cuiliqing/relatedOut' to trash at: hdfs://a01.namenode.hadoop.tvapk:9000/user/tvapk/.Trash/Current/user/tvapk/cuiliqing/relatedOut1517476291150
18/02/01 17:11:35 INFO client.RMProxy: Connecting to ResourceManager at a01.namenode.hadoop.tvapk/192.168.1.32:8032
18/02/01 17:11:36 WARN mapreduce.JobResourceUploader: Hadoop command-line option parsing not performed. Implement the Tool interface and execute your application with ToolRunner to remedy this.
18/02/01 17:11:36 INFO input.FileInputFormat: Total input paths to process : 1
18/02/01 17:11:36 INFO mapreduce.JobSubmitter: number of splits:1
18/02/01 17:11:36 INFO Configuration.deprecation: mapred.reduce.parallel.copies is deprecated. Instead, use mapreduce.reduce.shuffle.parallelcopies
18/02/01 17:11:36 INFO mapreduce.JobSubmitter: Submitting tokens for job: job_1493284465466_837418
18/02/01 17:11:36 INFO impl.YarnClientImpl: Submitted application application_1493284465466_837418
18/02/01 17:11:36 INFO mapreduce.Job: The url to track the job: http://a01.namenode.hadoop.tvapk:8088/proxy/application_1493284465466_837418/
18/02/01 17:11:36 INFO mapreduce.Job: Running job: job_1493284465466_837418
18/02/01 17:11:42 INFO mapreduce.Job: Job job_1493284465466_837418 running in uber mode : false
18/02/01 17:11:42 INFO mapreduce.Job:  map 0% reduce 0%
18/02/01 17:11:53 INFO mapreduce.Job:  map 100% reduce 0%
18/02/01 17:11:58 INFO mapreduce.Job:  map 100% reduce 100%
18/02/01 17:11:58 INFO mapreduce.Job: Job job_1493284465466_837418 completed successfully
18/02/01 17:11:58 INFO mapreduce.Job: Counters: 49
	File System Counters
		FILE: Number of bytes read=63259
		FILE: Number of bytes written=354865
		FILE: Number of read operations=0
		FILE: Number of large read operations=0
		FILE: Number of write operations=0
		HDFS: Number of bytes read=7931469
		HDFS: Number of bytes written=1054
		HDFS: Number of read operations=6
		HDFS: Number of large read operations=0
		HDFS: Number of write operations=2
	Job Counters 
		Launched map tasks=1
		Launched reduce tasks=1
		Rack-local map tasks=1
		Total time spent by all maps in occupied slots (ms)=8621
		Total time spent by all reduces in occupied slots (ms)=2676
		Total time spent by all map tasks (ms)=8621
		Total time spent by all reduce tasks (ms)=2676
		Total vcore-seconds taken by all map tasks=8621
		Total vcore-seconds taken by all reduce tasks=2676
		Total megabyte-seconds taken by all map tasks=8827904
		Total megabyte-seconds taken by all reduce tasks=2740224
	Map-Reduce Framework
		Map input records=6880
		Map output records=6876
		Map output bytes=49501
		Map output materialized bytes=63259
		Input split bytes=330
		Combine input records=0
		Combine output records=0
		Reduce input groups=88
		Reduce shuffle bytes=63259
		Reduce input records=6876
		Reduce output records=88
		Spilled Records=13752
		Shuffled Maps =1
		Failed Shuffles=0
		Merged Map outputs=1
		GC time elapsed (ms)=94
		CPU time spent (ms)=2820
		Physical memory (bytes) snapshot=558534656
		Virtual memory (bytes) snapshot=5643853824
		Total committed heap usage (bytes)=571473920
	Shuffle Errors
		BAD_ID=0
		CONNECTION=0
		IO_ERROR=0
		WRONG_LENGTH=0
		WRONG_MAP=0
		WRONG_REDUCE=0
	File Input Format Counters 
		Bytes Read=0
	File Output Format Counters 
		Bytes Written=1054
18/02/01 17:12:02 INFO fs.TrashPolicyDefault: Moved: 'hdfs://a01.namenode.hadoop.tvapk:9000/user/tvapk/cuiliqing/relatedOut' to trash at: hdfs://a01.namenode.hadoop.tvapk:9000/user/tvapk/.Trash/Current/user/tvapk/cuiliqing/relatedOut1517476322873
18/02/01 17:12:07 INFO fs.TrashPolicyDefault: Moved: 'hdfs://a01.namenode.hadoop.tvapk:9000/user/tvapk/cuiliqing/countryArea' to trash at: hdfs://a01.namenode.hadoop.tvapk:9000/user/tvapk/.Trash/Current/user/tvapk/cuiliqing/countryArea
rm: `/user/tvapk/cuiliqing/relatedRecMovie/area.txt': No such file or directory
rm: `/user/tvapk/cuiliqing/relatedRecMovie/country': No such file or directory
rm: `/user/tvapk/cuiliqing/relatedCleanTag': No such file or directory
18/02/01 17:12:24 INFO client.RMProxy: Connecting to ResourceManager at a01.namenode.hadoop.tvapk/192.168.1.32:8032
18/02/01 17:12:24 WARN mapreduce.JobResourceUploader: Hadoop command-line option parsing not performed. Implement the Tool interface and execute your application with ToolRunner to remedy this.
18/02/01 17:12:24 INFO input.FileInputFormat: Total input paths to process : 1
18/02/01 17:12:25 INFO mapreduce.JobSubmitter: number of splits:1
18/02/01 17:12:25 INFO Configuration.deprecation: mapred.reduce.parallel.copies is deprecated. Instead, use mapreduce.reduce.shuffle.parallelcopies
18/02/01 17:12:25 INFO mapreduce.JobSubmitter: Submitting tokens for job: job_1493284465466_837421
18/02/01 17:12:25 INFO impl.YarnClientImpl: Submitted application application_1493284465466_837421
18/02/01 17:12:25 INFO mapreduce.Job: The url to track the job: http://a01.namenode.hadoop.tvapk:8088/proxy/application_1493284465466_837421/
18/02/01 17:12:25 INFO mapreduce.Job: Running job: job_1493284465466_837421
18/02/01 17:12:30 INFO mapreduce.Job: Job job_1493284465466_837421 running in uber mode : false
18/02/01 17:12:30 INFO mapreduce.Job:  map 0% reduce 0%
18/02/01 17:12:35 INFO mapreduce.Job:  map 100% reduce 0%
18/02/01 17:12:41 INFO mapreduce.Job:  map 100% reduce 100%
18/02/01 17:12:41 INFO mapreduce.Job: Job job_1493284465466_837421 completed successfully
18/02/01 17:12:41 INFO mapreduce.Job: Counters: 49
	File System Counters
		FILE: Number of bytes read=530532
		FILE: Number of bytes written=1291259
		FILE: Number of read operations=0
		FILE: Number of large read operations=0
		FILE: Number of write operations=0
		HDFS: Number of bytes read=7931478
		HDFS: Number of bytes written=99757
		HDFS: Number of read operations=6
		HDFS: Number of large read operations=0
		HDFS: Number of write operations=2
	Job Counters 
		Launched map tasks=1
		Launched reduce tasks=1
		Rack-local map tasks=1
		Total time spent by all maps in occupied slots (ms)=2943
		Total time spent by all reduces in occupied slots (ms)=2746
		Total time spent by all map tasks (ms)=2943
		Total time spent by all reduce tasks (ms)=2746
		Total vcore-seconds taken by all map tasks=2943
		Total vcore-seconds taken by all reduce tasks=2746
		Total megabyte-seconds taken by all map tasks=3013632
		Total megabyte-seconds taken by all reduce tasks=2811904
	Map-Reduce Framework
		Map input records=6880
		Map output records=50788
		Map output bytes=428950
		Map output materialized bytes=530532
		Input split bytes=339
		Combine input records=0
		Combine output records=0
		Reduce input groups=6963
		Reduce shuffle bytes=530532
		Reduce input records=50788
		Reduce output records=6963
		Spilled Records=101576
		Shuffled Maps =1
		Failed Shuffles=0
		Merged Map outputs=1
		GC time elapsed (ms)=103
		CPU time spent (ms)=3680
		Physical memory (bytes) snapshot=568635392
		Virtual memory (bytes) snapshot=5640777728
		Total committed heap usage (bytes)=639631360
	Shuffle Errors
		BAD_ID=0
		CONNECTION=0
		IO_ERROR=0
		WRONG_LENGTH=0
		WRONG_MAP=0
		WRONG_REDUCE=0
	File Input Format Counters 
		Bytes Read=0
	File Output Format Counters 
		Bytes Written=99757
rm: `/user/tvapk/cuiliqing/relatedRecMovie/movieTags': No such file or directory
rm: 无法删除"/data/tvapk/cuiliqing/cuiliqing/relatedRecData/movieTags": 没有那个文件或目录
18/02/01 17:12:52 INFO fs.TrashPolicyDefault: Moved: 'hdfs://a01.namenode.hadoop.tvapk:9000/user/tvapk/cuiliqing/relatedOut' to trash at: hdfs://a01.namenode.hadoop.tvapk:9000/user/tvapk/.Trash/Current/user/tvapk/cuiliqing/relatedOut1517476372424
rm: 无法删除"/data/tvapk/cuiliqing/cuiliqing/relatedFeatsIdx.txt": 没有那个文件或目录
rm: `/user/tvapk/cuiliqing/relatedOut': No such file or directory
18/02/01 17:12:58 INFO client.RMProxy: Connecting to ResourceManager at a01.namenode.hadoop.tvapk/192.168.1.32:8032
18/02/01 17:12:59 INFO input.FileInputFormat: Total input paths to process : 1
18/02/01 17:12:59 INFO mapreduce.JobSubmitter: number of splits:1
18/02/01 17:12:59 INFO Configuration.deprecation: mapred.reduce.parallel.copies is deprecated. Instead, use mapreduce.reduce.shuffle.parallelcopies
18/02/01 17:13:00 INFO mapreduce.JobSubmitter: Submitting tokens for job: job_1493284465466_837424
18/02/01 17:13:00 INFO impl.YarnClientImpl: Submitted application application_1493284465466_837424
18/02/01 17:13:00 INFO mapreduce.Job: The url to track the job: http://a01.namenode.hadoop.tvapk:8088/proxy/application_1493284465466_837424/
18/02/01 17:13:00 INFO mapreduce.Job: Running job: job_1493284465466_837424
18/02/01 17:13:05 INFO mapreduce.Job: Job job_1493284465466_837424 running in uber mode : false
18/02/01 17:13:05 INFO mapreduce.Job:  map 0% reduce 0%
18/02/01 17:13:10 INFO mapreduce.Job:  map 100% reduce 0%
18/02/01 17:13:15 INFO mapreduce.Job:  map 100% reduce 100%
18/02/01 17:13:15 INFO mapreduce.Job: Job job_1493284465466_837424 completed successfully
18/02/01 17:13:15 INFO mapreduce.Job: Counters: 49
	File System Counters
		FILE: Number of bytes read=1147476
		FILE: Number of bytes written=2528431
		FILE: Number of read operations=0
		FILE: Number of large read operations=0
		FILE: Number of write operations=0
		HDFS: Number of bytes read=7931483
		HDFS: Number of bytes written=1126161
		HDFS: Number of read operations=6
		HDFS: Number of large read operations=0
		HDFS: Number of write operations=2
	Job Counters 
		Launched map tasks=1
		Launched reduce tasks=1
		Data-local map tasks=1
		Total time spent by all maps in occupied slots (ms)=2819
		Total time spent by all reduces in occupied slots (ms)=2333
		Total time spent by all map tasks (ms)=2819
		Total time spent by all reduce tasks (ms)=2333
		Total vcore-seconds taken by all map tasks=2819
		Total vcore-seconds taken by all reduce tasks=2333
		Total megabyte-seconds taken by all map tasks=2886656
		Total megabyte-seconds taken by all reduce tasks=2388992
	Map-Reduce Framework
		Map input records=6880
		Map output records=6880
		Map output bytes=1129932
		Map output materialized bytes=1147476
		Input split bytes=344
		Combine input records=0
		Combine output records=0
		Reduce input groups=6880
		Reduce shuffle bytes=1147476
		Reduce input records=6880
		Reduce output records=6880
		Spilled Records=13760
		Shuffled Maps =1
		Failed Shuffles=0
		Merged Map outputs=1
		GC time elapsed (ms)=105
		CPU time spent (ms)=4310
		Physical memory (bytes) snapshot=631705600
		Virtual memory (bytes) snapshot=5642268672
		Total committed heap usage (bytes)=659554304
	Shuffle Errors
		BAD_ID=0
		CONNECTION=0
		IO_ERROR=0
		WRONG_LENGTH=0
		WRONG_MAP=0
		WRONG_REDUCE=0
	File Input Format Counters 
		Bytes Read=0
	File Output Format Counters 
		Bytes Written=1126161
18/02/01 17:13:17 INFO fs.TrashPolicyDefault: Moved: 'hdfs://a01.namenode.hadoop.tvapk:9000/user/tvapk/cuiliqing/movieItemFeatures' to trash at: hdfs://a01.namenode.hadoop.tvapk:9000/user/tvapk/.Trash/Current/user/tvapk/cuiliqing/movieItemFeatures
18/02/01 17:13:22 INFO fs.TrashPolicyDefault: Moved: 'hdfs://a01.namenode.hadoop.tvapk:9000/user/tvapk/cuiliqing/relatedOut' to trash at: hdfs://a01.namenode.hadoop.tvapk:9000/user/tvapk/.Trash/Current/user/tvapk/cuiliqing/relatedOut1517476402568
18/02/01 17:13:27 INFO fs.TrashPolicyDefault: Moved: 'hdfs://a01.namenode.hadoop.tvapk:9000/user/tvapk/cuiliqing/relatedRecNegs' to trash at: hdfs://a01.namenode.hadoop.tvapk:9000/user/tvapk/.Trash/Current/user/tvapk/cuiliqing/relatedRecNegs
18/02/01 17:13:31 INFO fs.TrashPolicyDefault: Moved: 'hdfs://a01.namenode.hadoop.tvapk:9000/user/tvapk/cuiliqing/relatedRecPos' to trash at: hdfs://a01.namenode.hadoop.tvapk:9000/user/tvapk/.Trash/Current/user/tvapk/cuiliqing/relatedRecPos
18/02/01 17:13:36 INFO fs.TrashPolicyDefault: Moved: 'hdfs://a01.namenode.hadoop.tvapk:9000/user/tvapk/cuiliqing/relatedInput' to trash at: hdfs://a01.namenode.hadoop.tvapk:9000/user/tvapk/.Trash/Current/user/tvapk/cuiliqing/relatedInput
rm: `/user/tvapk/cuiliqing/relatedOut': No such file or directory
18/02/01 17:16:18 INFO client.RMProxy: Connecting to ResourceManager at a01.namenode.hadoop.tvapk/192.168.1.32:8032
18/02/01 17:16:18 INFO input.FileInputFormat: Total input paths to process : 33
18/02/01 17:16:18 INFO mapreduce.JobSubmitter: number of splits:33
18/02/01 17:16:18 INFO Configuration.deprecation: mapred.reduce.parallel.copies is deprecated. Instead, use mapreduce.reduce.shuffle.parallelcopies
18/02/01 17:16:18 INFO mapreduce.JobSubmitter: Submitting tokens for job: job_1493284465466_837432
18/02/01 17:16:19 INFO impl.YarnClientImpl: Submitted application application_1493284465466_837432
18/02/01 17:16:19 INFO mapreduce.Job: The url to track the job: http://a01.namenode.hadoop.tvapk:8088/proxy/application_1493284465466_837432/
18/02/01 17:16:19 INFO mapreduce.Job: Running job: job_1493284465466_837432
18/02/01 17:16:24 INFO mapreduce.Job: Job job_1493284465466_837432 running in uber mode : false
18/02/01 17:16:24 INFO mapreduce.Job:  map 0% reduce 0%
18/02/01 17:16:29 INFO mapreduce.Job:  map 3% reduce 0%
18/02/01 17:16:30 INFO mapreduce.Job:  map 12% reduce 0%
18/02/01 17:16:31 INFO mapreduce.Job:  map 24% reduce 0%
18/02/01 17:16:32 INFO mapreduce.Job:  map 30% reduce 0%
18/02/01 17:16:33 INFO mapreduce.Job:  map 36% reduce 0%
18/02/01 17:16:34 INFO mapreduce.Job:  map 39% reduce 0%
18/02/01 17:16:35 INFO mapreduce.Job:  map 52% reduce 0%
18/02/01 17:16:36 INFO mapreduce.Job:  map 58% reduce 0%
18/02/01 17:16:37 INFO mapreduce.Job:  map 67% reduce 0%
18/02/01 17:16:38 INFO mapreduce.Job:  map 76% reduce 0%
18/02/01 17:16:39 INFO mapreduce.Job:  map 81% reduce 0%
18/02/01 17:16:40 INFO mapreduce.Job:  map 87% reduce 0%
18/02/01 17:16:41 INFO mapreduce.Job:  map 90% reduce 0%
18/02/01 17:16:53 INFO mapreduce.Job:  map 91% reduce 0%
18/02/01 17:16:56 INFO mapreduce.Job:  map 94% reduce 0%
18/02/01 17:16:58 INFO mapreduce.Job:  map 100% reduce 0%
18/02/01 17:17:09 INFO mapreduce.Job:  map 100% reduce 89%
18/02/01 17:17:10 INFO mapreduce.Job:  map 100% reduce 100%
18/02/01 17:17:10 INFO mapreduce.Job: Job job_1493284465466_837432 completed successfully
18/02/01 17:17:11 INFO mapreduce.Job: Counters: 51
	File System Counters
		FILE: Number of bytes read=169233756
		FILE: Number of bytes written=342646884
		FILE: Number of read operations=0
		FILE: Number of large read operations=0
		FILE: Number of write operations=0
		HDFS: Number of bytes read=205800950
		HDFS: Number of bytes written=164398500
		HDFS: Number of read operations=102
		HDFS: Number of large read operations=0
		HDFS: Number of write operations=2
	Job Counters 
		Killed map tasks=2
		Launched map tasks=35
		Launched reduce tasks=1
		Data-local map tasks=34
		Rack-local map tasks=1
		Total time spent by all maps in occupied slots (ms)=236716
		Total time spent by all reduces in occupied slots (ms)=9836
		Total time spent by all map tasks (ms)=236716
		Total time spent by all reduce tasks (ms)=9836
		Total vcore-seconds taken by all map tasks=236716
		Total vcore-seconds taken by all reduce tasks=9836
		Total megabyte-seconds taken by all map tasks=242397184
		Total megabyte-seconds taken by all reduce tasks=10072064
	Map-Reduce Framework
		Map input records=159167
		Map output records=2417625
		Map output bytes=164398500
		Map output materialized bytes=169233948
		Input split bytes=10461
		Combine input records=0
		Combine output records=0
		Reduce input groups=122115
		Reduce shuffle bytes=169233948
		Reduce input records=2417625
		Reduce output records=2417625
		Spilled Records=4835250
		Shuffled Maps =33
		Failed Shuffles=0
		Merged Map outputs=33
		GC time elapsed (ms)=5123
		CPU time spent (ms)=99310
		Physical memory (bytes) snapshot=12698398720
		Virtual memory (bytes) snapshot=95364673536
		Total committed heap usage (bytes)=13787725824
	Shuffle Errors
		BAD_ID=0
		CONNECTION=0
		IO_ERROR=0
		WRONG_LENGTH=0
		WRONG_MAP=0
		WRONG_REDUCE=0
	File Input Format Counters 
		Bytes Read=0
	File Output Format Counters 
		Bytes Written=164398500
18/02/01 17:17:16 INFO fs.TrashPolicyDefault: Moved: 'hdfs://a01.namenode.hadoop.tvapk:9000/user/tvapk/cuiliqing/relatedOut' to trash at: hdfs://a01.namenode.hadoop.tvapk:9000/user/tvapk/.Trash/Current/user/tvapk/cuiliqing/relatedOut1517476636111
18/02/01 17:17:18 INFO client.RMProxy: Connecting to ResourceManager at a01.namenode.hadoop.tvapk/192.168.1.32:8032
18/02/01 17:17:19 INFO input.FileInputFormat: Total input paths to process : 33
18/02/01 17:17:19 INFO mapreduce.JobSubmitter: number of splits:33
18/02/01 17:17:19 INFO Configuration.deprecation: mapred.reduce.parallel.copies is deprecated. Instead, use mapreduce.reduce.shuffle.parallelcopies
18/02/01 17:17:19 INFO mapreduce.JobSubmitter: Submitting tokens for job: job_1493284465466_837435
18/02/01 17:17:19 INFO impl.YarnClientImpl: Submitted application application_1493284465466_837435
18/02/01 17:17:19 INFO mapreduce.Job: The url to track the job: http://a01.namenode.hadoop.tvapk:8088/proxy/application_1493284465466_837435/
18/02/01 17:17:19 INFO mapreduce.Job: Running job: job_1493284465466_837435
18/02/01 17:17:24 INFO mapreduce.Job: Job job_1493284465466_837435 running in uber mode : false
18/02/01 17:17:24 INFO mapreduce.Job:  map 0% reduce 0%
18/02/01 17:17:28 INFO mapreduce.Job:  map 3% reduce 0%
18/02/01 17:17:29 INFO mapreduce.Job:  map 15% reduce 0%
18/02/01 17:17:30 INFO mapreduce.Job:  map 27% reduce 0%
18/02/01 17:17:31 INFO mapreduce.Job:  map 39% reduce 0%
18/02/01 17:17:32 INFO mapreduce.Job:  map 61% reduce 0%
18/02/01 17:17:33 INFO mapreduce.Job:  map 73% reduce 0%
18/02/01 17:17:34 INFO mapreduce.Job:  map 85% reduce 0%
18/02/01 17:17:35 INFO mapreduce.Job:  map 94% reduce 0%
18/02/01 17:17:36 INFO mapreduce.Job:  map 97% reduce 0%
18/02/01 17:17:39 INFO mapreduce.Job:  map 100% reduce 0%
18/02/01 17:17:44 INFO mapreduce.Job:  map 100% reduce 100%
18/02/01 17:17:44 INFO mapreduce.Job: Job job_1493284465466_837435 completed successfully
18/02/01 17:17:45 INFO mapreduce.Job: Counters: 49
	File System Counters
		FILE: Number of bytes read=18989650
		FILE: Number of bytes written=41860288
		FILE: Number of read operations=0
		FILE: Number of large read operations=0
		FILE: Number of write operations=0
		HDFS: Number of bytes read=12017914
		HDFS: Number of bytes written=18447082
		HDFS: Number of read operations=102
		HDFS: Number of large read operations=0
		HDFS: Number of write operations=2
	Job Counters 
		Launched map tasks=33
		Launched reduce tasks=1
		Data-local map tasks=33
		Total time spent by all maps in occupied slots (ms)=106714
		Total time spent by all reduces in occupied slots (ms)=3294
		Total time spent by all map tasks (ms)=106714
		Total time spent by all reduce tasks (ms)=3294
		Total vcore-seconds taken by all map tasks=106714
		Total vcore-seconds taken by all reduce tasks=3294
		Total megabyte-seconds taken by all map tasks=109275136
		Total megabyte-seconds taken by all reduce tasks=3373056
	Map-Reduce Framework
		Map input records=92583
		Map output records=271281
		Map output bytes=18447082
		Map output materialized bytes=18989842
		Input split bytes=10428
		Combine input records=0
		Combine output records=0
		Reduce input groups=96005
		Reduce shuffle bytes=18989842
		Reduce input records=271281
		Reduce output records=271281
		Spilled Records=542562
		Shuffled Maps =33
		Failed Shuffles=0
		Merged Map outputs=33
		GC time elapsed (ms)=3295
		CPU time spent (ms)=35850
		Physical memory (bytes) snapshot=9942003712
		Virtual memory (bytes) snapshot=95335546880
		Total committed heap usage (bytes)=10610016256
	Shuffle Errors
		BAD_ID=0
		CONNECTION=0
		IO_ERROR=0
		WRONG_LENGTH=0
		WRONG_MAP=0
		WRONG_REDUCE=0
	File Input Format Counters 
		Bytes Read=0
	File Output Format Counters 
		Bytes Written=18447082
18/02/01 17:17:49 INFO fs.TrashPolicyDefault: Moved: 'hdfs://a01.namenode.hadoop.tvapk:9000/user/tvapk/cuiliqing/relatedOut' to trash at: hdfs://a01.namenode.hadoop.tvapk:9000/user/tvapk/.Trash/Current/user/tvapk/cuiliqing/relatedOut1517476669314
rm: 无法删除"/data/tvapk/cuiliqing/cuiliqing/relatedInput/movieItemFeatures": 没有那个文件或目录
totPos: 167681
totNeg: 1780512
-----split dataset-----
totTrainNeg:1424409; totTrainPos: 134144; totTestNeg: 356102; totTestPos: 33536
trainset: 1558553
testset: 389638
-------------------数据完毕-------------------
